cc -bsd -gg -O -I../include -Dm68851 -Derror=as_fatal -I. -DCROSS -c as.c
cc -bsd -gg -O -I../include -Dm68851 -Derror=as_fatal -I. -DCROSS -c xrealloc.c
cc -bsd -gg -O -I../include -Dm68851 -Derror=as_fatal -I. -DCROSS -c xmalloc.c
cc -bsd -gg -O -I../include -Dm68851 -Derror=as_fatal -I. -DCROSS -c hash.c
cc -bsd -gg -O -I../include -Dm68851 -Derror=as_fatal -I. -DCROSS -c hex-value.c
cc -bsd -gg -O -I../include -Dm68851 -Derror=as_fatal -I. -DCROSS -c atof-generic.c
cc -bsd -gg -O -I../include -Dm68851 -Derror=as_fatal -I. -DCROSS -c append.c
cc -bsd -gg -O -I../include -Dm68851 -Derror=as_fatal -I. -DCROSS -c messages.c
cc -bsd -gg -O -I../include -Dm68851 -Derror=as_fatal -I. -DCROSS -c expr.c
cc -bsd -gg -O -I../include -Dm68851 -Derror=as_fatal -I. -DCROSS -c app.c
cc -bsd -gg -O -I../include -Dm68851 -Derror=as_fatal -I. -DCROSS -c frags.c
cc -bsd -gg -O -I../include -Dm68851 -Derror=as_fatal -I. -DCROSS -c input-file.c
cc -bsd -gg -O -I../include -Dm68851 -Derror=as_fatal -I. -DCROSS -c input-scrub.c
cc -bsd -gg -O -I../include -Dm68851 -Derror=as_fatal -I. -DCROSS -c output-file.c
cc -bsd -gg -O -I../include -Dm68851 -Derror=as_fatal -I. -DCROSS -c read.c
cc -bsd -gg -O -I../include -Dm68851 -Derror=as_fatal -I. -DCROSS -c subsegs.c
cc -bsd -gg -O -I../include -Dm68851 -Derror=as_fatal -I. -DCROSS -c symbols.c
cc -bsd -gg -O -I../include -Dm68851 -Derror=as_fatal -I. -DCROSS -c write.c
cc -bsd -gg -O -I../include -Dm68851 -Derror=as_fatal -I. -DCROSS -c version.c
cc -bsd -gg -O -I../include -Dm68851 -Derror=as_fatal -I. -DCROSS -c flonum-const.c
cc -bsd -gg -O -I../include -Dm68851 -Derror=as_fatal -I. -DCROSS -c flonum-copy.c
cc -bsd -gg -O -I../include -Dm68851 -Derror=as_fatal -I. -DCROSS -c flonum-mult.c
cc -bsd -gg -O -I../include -Dm68851 -Derror=as_fatal -I. -DCROSS -c strstr.c
cc -bsd -gg -O -I../include -Dm68851 -Derror=as_fatal -I. -DCROSS -c bignum-copy.c
cc -bsd -gg -O -I../include -Dm68851 -Derror=as_fatal -I. -DCROSS -c gdb.c
cc -bsd -gg -O -I../include -Dm68851 -Derror=as_fatal -I. -DCROSS -c gdb-file.c
cc -bsd -gg -O -I../include -Dm68851 -Derror=as_fatal -I. -DCROSS -c gdb-symbols.c
cc -bsd -gg -O -I../include -Dm68851 -Derror=as_fatal -I. -DCROSS -c gdb-blocks.c
cc -bsd -gg -O -I../include -Dm68851 -Derror=as_fatal -I. -DCROSS -c obstack.c
cc -bsd -gg -O -I../include -Dm68851 -Derror=as_fatal -I. -DCROSS -c gdb-lines.c
cc -bsd -gg -O -I../include -Dm68851 -Derror=as_fatal -I. -DCROSS -c atom.c
cc -bsd -gg -O -I../include -Dm68851 -Derror=as_fatal -I. -DCROSS -c m68k.c
cc -bsd -gg -O -I../include -Dm68851 -Derror=as_fatal -I. -DCROSS -c atof-m68k.c
as -o atof-m68k-assist.o atof-m68k-assist.s
cc -o as.NEW -bsd -gg -O -I../include -Dm68851 -Derror=as_fatal -I. -DCROSS as.o		xrealloc.o	xmalloc.o	hash.o		hex-value.o atof-generic.o	append.o	messages.o	expr.o		app.o frags.o		input-file.o	input-scrub.o	output-file.o	read.o subsegs.o	symbols.o	write.o		version.o flonum-const.o	flonum-copy.o	flonum-mult.o	strstr.o	bignum-copy.o  gdb.o		gdb-file.o	gdb-symbols.o	gdb-blocks.o	obstack.o gdb-lines.o	atom.o m68k.o		atof-m68k.o	atof-m68k-assist.o 
